2025-04-08 02:00:04.071046 - Received SBGOLOB.CBT509.FILE1016 from FILE1016.XMI 
2025-04-08 02:00:04.074727 - Found $$$#DATE.txt (text/plain) in SBGOLOB.CBT509.FILE1016, moved to PDS/$$$#DATE
2025-04-08 02:00:04.076116 - Found $$NOTE01.txt (text/plain) in SBGOLOB.CBT509.FILE1016, moved to PDS/$$NOTE01
2025-04-08 02:00:04.077440 - Found $$NOTE02.txt (text/plain) in SBGOLOB.CBT509.FILE1016, moved to PDS/$$NOTE02
2025-04-08 02:00:04.078823 - Found $DOC.txt (text/plain) in SBGOLOB.CBT509.FILE1016, moved to PDS/$DOC
2025-04-08 02:00:04.080240 - Found @FIL1016.txt (text/plain) in SBGOLOB.CBT509.FILE1016, moved to PDS/@FIL1016
2025-04-08 02:00:04.082096 - Found ALLOCVOL.xmi (application/xmit) in SBGOLOB.CBT509.FILE1016, moved to PDS/ALLOCVOL.xmi
2025-04-08 02:00:04.128532 - Received SMYERS.ALLOCVOL.CBT.PDS from ALLOCVOL.xmi 
2025-04-08 02:00:04.130537 - Found $DOC.txt (text/plain) in SMYERS.ALLOCVOL.CBT.PDS, moved to ALLOCVOL/$DOC
2025-04-08 02:00:04.132084 - Found ALLOCVOL.txt (text/plain) in SMYERS.ALLOCVOL.CBT.PDS, moved to ALLOCVOL/ALLOCVOL
2025-04-08 02:00:04.133521 - Found LINK.txt (text/plain) in SMYERS.ALLOCVOL.CBT.PDS, moved to ALLOCVOL/LINK
2025-04-08 02:00:04.134856 - Found OBJECT.bin (application/octet-stream) in SMYERS.ALLOCVOL.CBT.PDS, moved to ALLOCVOL/OBJECT
2025-04-08 02:00:04.137962 - Found DSSTAT.xmi (application/xmit) in SBGOLOB.CBT509.FILE1016, moved to PDS/DSSTAT.xmi
2025-04-08 02:00:04.209897 - Received SMYERS.DSSTAT.CBT.PDS from DSSTAT.xmi 
2025-04-08 02:00:04.212259 - Found $DOC.txt (text/plain) in SMYERS.DSSTAT.CBT.PDS, moved to DSSTAT/$DOC
2025-04-08 02:00:04.213755 - Found DSSTAT.txt (text/plain) in SMYERS.DSSTAT.CBT.PDS, moved to DSSTAT/DSSTAT
2025-04-08 02:00:04.215417 - Found LINK.txt (text/plain) in SMYERS.DSSTAT.CBT.PDS, moved to DSSTAT/LINK
2025-04-08 02:00:04.216897 - Found OBJECT.bin (application/octet-stream) in SMYERS.DSSTAT.CBT.PDS, moved to DSSTAT/OBJECT
2025-04-08 02:00:04.218836 - Found SOURCE.txt (text/plain) in SMYERS.DSSTAT.CBT.PDS, moved to DSSTAT/SOURCE
2025-04-08 02:00:04.221076 - Found FINDCMD.xmi (application/xmit) in SBGOLOB.CBT509.FILE1016, moved to PDS/FINDCMD.xmi
2025-04-08 02:00:04.278401 - Received SMYERS.FINDCMD.CBT.PDS from FINDCMD.xmi 
2025-04-08 02:00:04.280577 - Found $DOC.txt (text/plain) in SMYERS.FINDCMD.CBT.PDS, moved to FINDCMD/$DOC
2025-04-08 02:00:04.281937 - Found LINK.txt (text/plain) in SMYERS.FINDCMD.CBT.PDS, moved to FINDCMD/LINK
2025-04-08 02:00:04.283271 - Found OBJECT.bin (application/octet-stream) in SMYERS.FINDCMD.CBT.PDS, moved to FINDCMD/OBJECT
2025-04-08 02:00:04.285163 - Found SOURCE.txt (text/plain) in SMYERS.FINDCMD.CBT.PDS, moved to FINDCMD/SOURCE
2025-04-08 02:00:04.287085 - Found FREESYS.xmi (application/xmit) in SBGOLOB.CBT509.FILE1016, moved to PDS/FREESYS.xmi
2025-04-08 02:00:04.332172 - Received SMYERS.FREESYS.CBT.PDS from FREESYS.xmi 
2025-04-08 02:00:04.334220 - Found $DOC.txt (text/plain) in SMYERS.FREESYS.CBT.PDS, moved to FREESYS/$DOC
2025-04-08 02:00:04.335817 - Found FREESYS.txt (text/plain) in SMYERS.FREESYS.CBT.PDS, moved to FREESYS/FREESYS
2025-04-08 02:00:04.337129 - Found LINK.txt (text/plain) in SMYERS.FREESYS.CBT.PDS, moved to FREESYS/LINK
2025-04-08 02:00:04.338511 - Found OBJECT.bin (application/octet-stream) in SMYERS.FREESYS.CBT.PDS, moved to FREESYS/OBJECT
2025-04-08 02:00:04.341469 - Found IDUMP.xmi (application/xmit) in SBGOLOB.CBT509.FILE1016, moved to PDS/IDUMP.xmi
2025-04-08 02:00:04.424236 - Received SMYERS.IDUMP.CBT.PDS from IDUMP.xmi 
2025-04-08 02:00:04.426415 - Found $DOC.txt (text/plain) in SMYERS.IDUMP.CBT.PDS, moved to IDUMP/$DOC
2025-04-08 02:00:04.427896 - Found IDUMP.txt (text/plain) in SMYERS.IDUMP.CBT.PDS, moved to IDUMP/IDUMP
2025-04-08 02:00:04.429389 - Found LINK.txt (text/plain) in SMYERS.IDUMP.CBT.PDS, moved to IDUMP/LINK
2025-04-08 02:00:04.430868 - Found OBJECT.bin (application/octet-stream) in SMYERS.IDUMP.CBT.PDS, moved to IDUMP/OBJECT
2025-04-08 02:00:04.433088 - Found SOURCE.txt (text/plain) in SMYERS.IDUMP.CBT.PDS, moved to IDUMP/SOURCE
2025-04-08 02:00:04.434946 - Found INVCP.xmi (application/xmit) in SBGOLOB.CBT509.FILE1016, moved to PDS/INVCP.xmi
2025-04-08 02:00:04.471301 - Received SMYERS.INVCP.CBT.PDS from INVCP.xmi 
2025-04-08 02:00:04.473550 - Found $DOC.txt (text/plain) in SMYERS.INVCP.CBT.PDS, moved to INVCP/$DOC
2025-04-08 02:00:04.475167 - Found INVCP.txt (text/plain) in SMYERS.INVCP.CBT.PDS, moved to INVCP/INVCP
2025-04-08 02:00:04.476636 - Found LINK.txt (text/plain) in SMYERS.INVCP.CBT.PDS, moved to INVCP/LINK
2025-04-08 02:00:04.478141 - Found OBJECT.bin (application/octet-stream) in SMYERS.INVCP.CBT.PDS, moved to INVCP/OBJECT
2025-04-08 02:00:04.481311 - Found KEEPITUP.xmi (application/xmit) in SBGOLOB.CBT509.FILE1016, moved to PDS/KEEPITUP.xmi
2025-04-08 02:00:04.613130 - Received SBGOLOB.KEEPITUP.PDS from KEEPITUP.xmi 
2025-04-08 02:00:04.615816 - Found $DOC.txt (text/plain) in SBGOLOB.KEEPITUP.PDS, moved to KEEPITUP/$DOC
2025-04-08 02:00:04.617259 - Found $NOTE.txt (text/plain) in SBGOLOB.KEEPITUP.PDS, moved to KEEPITUP/$NOTE
2025-04-08 02:00:04.618693 - Found JCL.txt (text/plain) in SBGOLOB.KEEPITUP.PDS, moved to KEEPITUP/JCL
2025-04-08 02:00:04.620060 - Found KEEPITU$.jcl (text/plain) in SBGOLOB.KEEPITUP.PDS, moved to KEEPITUP/KEEPITU$
2025-04-08 02:00:04.621902 - Found KEEPITUP.txt (text/plain) in SBGOLOB.KEEPITUP.PDS, moved to KEEPITUP/KEEPITUP
2025-04-08 02:00:04.623242 - Found LINK.txt (text/plain) in SBGOLOB.KEEPITUP.PDS, moved to KEEPITUP/LINK
2025-04-08 02:00:04.625048 - Found MINIFMT.txt (text/plain) in SBGOLOB.KEEPITUP.PDS, moved to KEEPITUP/MINIFMT
2025-04-08 02:00:04.626479 - Found OBJECT.bin (application/octet-stream) in SBGOLOB.KEEPITUP.PDS, moved to KEEPITUP/OBJECT
2025-04-08 02:00:04.627949 - Found SMFETIME.txt (text/plain) in SBGOLOB.KEEPITUP.PDS, moved to KEEPITUP/SMFETIME
2025-04-08 02:00:04.629318 - Found WEEKDAY.txt (text/plain) in SBGOLOB.KEEPITUP.PDS, moved to KEEPITUP/WEEKDAY
2025-04-08 02:00:04.632158 - Found LISTTSOU.xmi (application/xmit) in SBGOLOB.CBT509.FILE1016, moved to PDS/LISTTSOU.xmi
2025-04-08 02:00:04.686945 - Received SMYERS.LISTTSOU.CBT.PDS from LISTTSOU.xmi 
2025-04-08 02:00:04.689134 - Found $DOC.txt (text/plain) in SMYERS.LISTTSOU.CBT.PDS, moved to LISTTSOU/$DOC
2025-04-08 02:00:04.690657 - Found LINK.txt (text/plain) in SMYERS.LISTTSOU.CBT.PDS, moved to LISTTSOU/LINK
2025-04-08 02:00:04.692022 - Found OBJECT.bin (application/octet-stream) in SMYERS.LISTTSOU.CBT.PDS, moved to LISTTSOU/OBJECT
2025-04-08 02:00:04.693828 - Found SOURCE.txt (text/plain) in SMYERS.LISTTSOU.CBT.PDS, moved to LISTTSOU/SOURCE
2025-04-08 02:00:04.696882 - Found LMATTR.xmi (application/xmit) in SBGOLOB.CBT509.FILE1016, moved to PDS/LMATTR.xmi
2025-04-08 02:00:04.772758 - Received SMYERS.LMATTR.CBT.PDS from LMATTR.xmi 
2025-04-08 02:00:04.774961 - Found $DOC.txt (text/plain) in SMYERS.LMATTR.CBT.PDS, moved to LMATTR/$DOC
2025-04-08 02:00:04.776557 - Found LINK.txt (text/plain) in SMYERS.LMATTR.CBT.PDS, moved to LMATTR/LINK
2025-04-08 02:00:04.778149 - Found LMATTR.txt (text/plain) in SMYERS.LMATTR.CBT.PDS, moved to LMATTR/LMATTR
2025-04-08 02:00:04.780004 - Found OBJECT.bin (application/octet-stream) in SMYERS.LMATTR.CBT.PDS, moved to LMATTR/OBJECT
2025-04-08 02:00:04.782416 - Found SOURCE.txt (text/plain) in SMYERS.LMATTR.CBT.PDS, moved to LMATTR/SOURCE
2025-04-08 02:00:04.784677 - Found LOGTIMED.xmi (application/xmit) in SBGOLOB.CBT509.FILE1016, moved to PDS/LOGTIMED.xmi
2025-04-08 02:00:04.858840 - Received SMYERS.LOGTIMED.CBT.PDS from LOGTIMED.xmi 
2025-04-08 02:00:04.861024 - Found $DOC.txt (text/plain) in SMYERS.LOGTIMED.CBT.PDS, moved to LOGTIMED/$DOC
2025-04-08 02:00:04.862550 - Found LOGTIMED.txt (text/plain) in SMYERS.LOGTIMED.CBT.PDS, moved to LOGTIMED/LOGTIMED
2025-04-08 02:00:04.864247 - Found MINIFMT.txt (text/plain) in SMYERS.LOGTIMED.CBT.PDS, moved to LOGTIMED/MINIFMT
2025-04-08 02:00:04.865607 - Found PREP.txt (text/plain) in SMYERS.LOGTIMED.CBT.PDS, moved to LOGTIMED/PREP
2025-04-08 02:00:04.867009 - Found SMFETIME.txt (text/plain) in SMYERS.LOGTIMED.CBT.PDS, moved to LOGTIMED/SMFETIME
2025-04-08 02:00:04.869071 - Found RESETPDS.xmi (application/xmit) in SBGOLOB.CBT509.FILE1016, moved to PDS/RESETPDS.xmi
2025-04-08 02:00:04.917825 - Received SMYERS.RESETPDS.CBT.PDS from RESETPDS.xmi 
2025-04-08 02:00:04.920027 - Found $DOC.txt (text/plain) in SMYERS.RESETPDS.CBT.PDS, moved to RESETPDS/$DOC
2025-04-08 02:00:04.921486 - Found OBJECT.bin (application/octet-stream) in SMYERS.RESETPDS.CBT.PDS, moved to RESETPDS/OBJECT
2025-04-08 02:00:04.922817 - Found RESETPDS.txt (text/plain) in SMYERS.RESETPDS.CBT.PDS, moved to RESETPDS/RESETPDS
2025-04-08 02:00:04.923390 - Found alias RPDS to RESETPDS in SMYERS.RESETPDS.CBT.PDS, moved to PDS/RPDS
2025-04-08 02:00:04.925091 - Found SOURCE.txt (text/plain) in SMYERS.RESETPDS.CBT.PDS, moved to RESETPDS/SOURCE
2025-04-08 02:00:04.927239 - Found TIOT.xmi (application/xmit) in SBGOLOB.CBT509.FILE1016, moved to PDS/TIOT.xmi
2025-04-08 02:00:04.982769 - Received SMYERS.TIOT.CBT.PDS from TIOT.xmi 
2025-04-08 02:00:04.984914 - Found $DOC.txt (text/plain) in SMYERS.TIOT.CBT.PDS, moved to TIOT/$DOC
2025-04-08 02:00:04.986284 - Found LINK.txt (text/plain) in SMYERS.TIOT.CBT.PDS, moved to TIOT/LINK
2025-04-08 02:00:04.987862 - Found OBJECT.bin (application/octet-stream) in SMYERS.TIOT.CBT.PDS, moved to TIOT/OBJECT
2025-04-08 02:00:04.989759 - Found SOURCE.txt (text/plain) in SMYERS.TIOT.CBT.PDS, moved to TIOT/SOURCE
2025-04-08 02:00:04.991105 - Found TIOT.txt (text/plain) in SMYERS.TIOT.CBT.PDS, moved to TIOT/TIOT
2025-04-08 02:00:04.992880 - Found TSO.xmi (application/xmit) in SBGOLOB.CBT509.FILE1016, moved to PDS/TSO.xmi
2025-04-08 02:00:05.027758 - Received SMYERS.TSO.CBT.PDS from TSO.xmi 
2025-04-08 02:00:05.030107 - Found $DOC.txt (text/plain) in SMYERS.TSO.CBT.PDS, moved to TSO/$DOC
2025-04-08 02:00:05.031607 - Found LINK.txt (text/plain) in SMYERS.TSO.CBT.PDS, moved to TSO/LINK
2025-04-08 02:00:05.033143 - Found OBJECT.bin (application/octet-stream) in SMYERS.TSO.CBT.PDS, moved to TSO/OBJECT
2025-04-08 02:00:05.034509 - Found TSO.txt (text/plain) in SMYERS.TSO.CBT.PDS, moved to TSO/TSO
2025-04-08 02:00:05.036722 - Found TSOLPDIR.xmi (application/xmit) in SBGOLOB.CBT509.FILE1016, moved to PDS/TSOLPDIR.xmi
2025-04-08 02:00:05.097721 - Received SMYERS.TSOLPDIR.CBT.PDS from TSOLPDIR.xmi 
2025-04-08 02:00:05.099973 - Found $DOC.txt (text/plain) in SMYERS.TSOLPDIR.CBT.PDS, moved to TSOLPDIR/$DOC
2025-04-08 02:00:05.101464 - Found LINK.txt (text/plain) in SMYERS.TSOLPDIR.CBT.PDS, moved to TSOLPDIR/LINK
2025-04-08 02:00:05.101973 - Found alias LISTPDS to TSOLPDIR in SMYERS.TSOLPDIR.CBT.PDS, moved to PDS/LISTPDS
2025-04-08 02:00:05.103538 - Found OBJECT.bin (application/octet-stream) in SMYERS.TSOLPDIR.CBT.PDS, moved to TSOLPDIR/OBJECT
2025-04-08 02:00:05.105245 - Found SOURCE.txt (text/plain) in SMYERS.TSOLPDIR.CBT.PDS, moved to TSOLPDIR/SOURCE
2025-04-08 02:00:05.106554 - Found TSOLPDIR.txt (text/plain) in SMYERS.TSOLPDIR.CBT.PDS, moved to TSOLPDIR/TSOLPDIR
2025-04-08 02:00:05.108472 - Found XI.xmi (application/xmit) in SBGOLOB.CBT509.FILE1016, moved to PDS/XI.xmi
2025-04-08 02:00:05.148186 - Received SMYERS.XI.CBT.PDS from XI.xmi 
2025-04-08 02:00:05.150478 - Found $DOC.txt (text/plain) in SMYERS.XI.CBT.PDS, moved to XI/$DOC
2025-04-08 02:00:05.151951 - Found LINK.txt (text/plain) in SMYERS.XI.CBT.PDS, moved to XI/LINK
2025-04-08 02:00:05.153600 - Found OBJECT.bin (application/octet-stream) in SMYERS.XI.CBT.PDS, moved to XI/OBJECT
2025-04-08 02:00:05.155355 - Found XI22.txt (text/plain) in SMYERS.XI.CBT.PDS, moved to XI/XI22
